<?xml version="1.0" encoding="UTF-8"?>
<!-- Generated by org.testng.reporters.JUnitReportReporter -->
<testsuite hostname="Kunals-MacBook-Pro.local" failures="0" tests="1" name="flexon.com.TestClasses.TestCases" time="3.992" errors="0" timestamp="12 Jun 2019 18:20:49 GMT" skipped="0">
  <testcase classname="flexon.com.TestClasses.TestCases" name="enterUnamepass" time="3.992"/>
</testsuite> <!-- flexon.com.TestClasses.TestCases -->
